2024-09-12 21:17:05,597 - CoverFox -INFO - Open Browser
2024-09-12 21:17:10,759 - CoverFox -INFO - Click On Male Button
2024-09-12 21:17:12,371 - CoverFox -INFO - Click On Next Button
2024-09-12 21:17:17,461 - CoverFox -INFO - Handle DropDown
2024-09-12 21:17:17,462 - CoverFox -WARN - Age Between 18 To 75
2024-09-12 21:17:19,821 - CoverFox -INFO - Click On Next Button
2024-09-12 21:17:20,919 - CoverFox -INFO - Pin Code
2024-09-12 21:17:22,146 - CoverFox -INFO - Enter Mobile Number
2024-09-12 21:17:23,385 - CoverFox -INFO - Click On Contineu Button
2024-09-12 21:17:23,483 - CoverFox -INFO - Functionality Of Banners
2024-09-12 21:17:26,558 - CoverFox -INFO - Close Browser
2024-09-12 21:33:04,777 - CoverFox -INFO - Open Browser
2024-09-12 21:33:48,233 - CoverFox -INFO - Open Browser
2024-09-12 22:12:44,944 - CoverFox -INFO - Open Browser
2024-09-12 22:12:58,612 - CoverFox -INFO - Click On Male Button
2024-09-12 22:13:00,519 - CoverFox -INFO - Click On Next Button
2024-09-12 22:13:05,579 - CoverFox -INFO - Handle DropDown
2024-09-12 22:13:05,579 - CoverFox -WARN - Age Between 18 To 75
2024-09-12 22:13:07,565 - CoverFox -INFO - Click On Next Button
2024-09-12 22:13:08,641 - CoverFox -INFO - Pin Code
2024-09-12 22:13:09,796 - CoverFox -INFO - Enter Mobile Number
2024-09-12 22:13:10,900 - CoverFox -INFO - Click On Contineu Button
2024-09-12 22:13:10,988 - CoverFox -INFO - Functionality Of Banners
2024-09-12 22:13:14,046 - CoverFox -INFO - Close Browser
